 2024  8 1 2135  2.0 LV                      MVO                               1
 ACTION:REG 24-08-02 11:49 OP:rcs  STATUS:               ID:20240801213502     I
 2024-08-01-2135-02S.MV____045                                                 6
 VOLC MAIN r                                                                   3
 STAT SP IPHASW D HRMM SECON CODA AMPLIT PERI AZIMU VELO AIN AR TRES W  DIS CAZ7
 MSS1 SZ IP       213524.230                                                    
                                                                                
 2024  8 3  320 45.4 LV                      MVO                               1
 ACTION:REG 24-08-07 14:16 OP:rcs  STATUS:               ID:20240803032045     I
 2024-08-03-0320-45S.MV____047                                                 6
 VOLC MAIN r                                                                   3
 STAT SP IPHASW D HRMM SECON CODA AMPLIT PERI AZIMU VELO AIN AR TRES W  DIS CAZ7
 MBLY HZ IP        32125.942                                                    
                                                                                
 2024  8 3  333 45.0 LV                      MVO                               1
 ACTION:REG 24-08-06 13:01 OP:rcs  STATUS:               ID:20240803033345     I
 2024-08-03-0333-45S.MV____045                                                 6
 VOLC MAIN h                                                                   3
 STAT SP IPHASW D HRMM SECON CODA AMPLIT PERI AZIMU VELO AIN AR TRES W  DIS CAZ7
 MBLG HZ EP        33411.007                                                    
 MBWH BZ EP        33411.106                                                    
 MBRY BZ EP        33411.999                                                    
 MBGH HZ EP        33411.449                                                    
 MBBY HZ EP        33411.293                                                    
 MBFL HZ EP        33411.785                                                    
 MBLY HZ IP        33410.712                                                    
 MSS1 SZ EP        334 9.601                                                    
                                                                                
 2024  8 3 2053 33.4 LV 16.715 -62.177  2.9  MVO  8 0.3 2.3LMVO                1
 GAP=121   MVO  0.70       0.7     0.6  1.7  0.8508E-01  0.2083E+00  0.1041E+00E
 2024  8 3 2053 33.446  16.71458  -62.17747    2.863  0.251 MVO                H
 ACTION:UP  24-08-07 13:31 OP:rcs  STATUS:               ID:20240803205306     I
 OLDACT:UP  24-08-06 17:27 OP:rcs  STATUS:               ID:20240803205306     3
 OLDACT:REG 24-08-06 13:02 OP:rcs  STATUS:               ID:20240803205306     3
 2024-08-03-2053-06S.MV____045                                                 6
 VOLC MAIN t                                                                   3
 STAT SP IPHASW D HRMM SECON CODA AMPLIT PERI AZIMU VELO AIN AR TRES W  DIS CAZ7
 MSS1 SZ IP     C 205334.641                             159    0.3010 0.80 358 
 MBLY HZ IP       205334.750                             141    0.2810 1.62 297 
 MBLY H1 IS       205335.279                             141    0.0410 1.62 297 
 MBLY H1  IAML    205335.401      4301.0 0.13                          1.62 297 
 MBLG HZ IP     C 205334.802                             134    0.2510 1.99  55 
 MBLG H1 IS       205335.347                             134   -0.0310 1.99  55 
 MBLG H1  IAML    205336.145      2105.5 0.20                          1.99  55 
 MBRY BZ IP       205334.864                             125    0.0310 2.85 115 
 MBRY BE IS       205335.505                             125   -0.3710 2.85 115 
 MBBY HZ IP       205334.997                             119    0.0610 3.26 235 
 MBBY H2 ES       205335.755                             119   -0.2910 3.26 235 
 MBWH BZ EP       205335.120                             121    0.1010 3.37 335 
 MBWH BE ES       205336.041                             121   -0.1610 3.37 335 
 MBWH BE  IAML    205338.161       801.4 0.19                          3.37 335 
 MBGH HZ EP       205335.211                             120    0.1810 3.44 285 
 MBGH H2 ES       205336.516                             120    0.3010 3.44 285 
 MBFL HZ EP     D 205335.566                             109   -0.1310 5.29 315 
 MBFL H2 ES       205336.817                             109   -0.5610 5.29 315 
                                                                                
 2024  8 4 1438 58.2 LV 16.714 -62.180  2.8  MVO  8 0.2 1.9LMVO                1
 GAP=120   MVO  0.63       0.7     0.6  1.5  0.6480E-01  0.1437E+00  0.7526E-01E
 2024  8 4 1438 58.199  16.71448  -62.18002    2.841  0.224 MVO                H
 ACTION:UP  24-08-06 17:28 OP:rcs  STATUS:               ID:20240804143830     I
 OLDACT:REG 24-08-06 13:02 OP:rcs  STATUS:               ID:20240804143830     3
 2024-08-04-1438-30S.MV____045                                                 6
 VOLC MAIN t                                                                   3
 STAT SP IPHASW D HRMM SECON CODA AMPLIT PERI AZIMU VELO AIN AR TRES W  DIS CAZ7
 MSS1 SZ IP     C 143859.393                             158    0.3010 0.85  17 
 MBLY HZ IP       143859.452                             144    0.2910 1.40 303 
 MBLY H2 IS       1439 0.019                             144    0.1410 1.40 303 
 MBLY H1  IAML    1439 0.155      2340.1 0.11                          1.40 303 
 MBLG HZ IP     C 143859.540                             130    0.1710 2.22  58 
 MBLG H1 ES       1439 0.206                             130   -0.0410 2.22  58 
 MBBY HZ EP       143859.706                             120    0.1010 3.04 232 
 MBBY H2 ES       1439 0.405                             120   -0.2510 3.04 232 
 MBRY BZ IP       143859.659                             122   -0.0010 3.09 112 
 MBRY BE IS       1439 0.410                             122   -0.3510 3.09 112 
 MBWH BZ IP       143859.828                             121    0.0910 3.28 339 
 MBWH BE IS     C 1439 0.694                             121   -0.2010 3.28 339 
 MBFL H2 ES       1439 1.568                             110   -0.4410 5.12 317 
 MBGH HZ IP       143859.903                             122    0.2110 3.18 286 
 MBFL HZ EP       1439 0.284                             110           5.12 317 
                                                                                
 2024  8 4 1443  6.4 LV 16.722 -62.174  3.8  MVO  7 0.2 2.0LMVO                1
 GAP=114   MVO  0.61       0.8     0.7  0.4  0.2210E+00  0.1002E+00  0.5852E-01E
 2024  8 4 1443  6.436  16.72195  -62.17408    3.785  0.218 MVO                H
 ACTION:UP  24-08-06 17:29 OP:rcs  STATUS:               ID:20240804144239     I
 OLDACT:REG 24-08-06 13:03 OP:rcs  STATUS:               ID:20240804144239     3
 2024-08-04-1442-39S.MV____045                                                 6
 VOLC MAIN t                                                                   3
 STAT SP IPHASW D HRMM SECON CODA AMPLIT PERI AZIMU VELO AIN AR TRES W  DIS CAZ7
 MBLG HZ EP       1443 7.922                             155    0.2410 1.31  75 
 MBLG H2 IS       1443 8.662                             155    0.0410 1.31  75 
 MBLY HZ EP       1443 7.878                             148    0.0810 1.81 268 
 MBLY H1 IS       1443 8.451                             148   -0.3810 1.81 268 
 MBLY H1  IAML    144310.049      1579.8 0.16                          1.81 268 
 MBWH BZ EP       1443 8.245                              46    0.2110 2.87 321 
 MBWH BE ES       1443 9.211                              46   -0.0210 2.87 321 
 MBRY BZ EP       1443 8.064                              46    0.0110 2.99 132 
 MBRY BN ES       1443 8.936                              46   -0.3310 2.99 132 
 MBRY BE  IAML    1443 9.578      1166.0 0.16                          2.99 132 
 MBGH HZ EP       1443 8.383                              46    0.1310 3.69 271 
 MBGH H1 ES       1443 9.589                              46   -0.0210 3.69 271 
 MBBY H1 ES       144310.034                              46    0.3310 4.05 229 
 MBBY H1  IAML    144315.154       281.8 0.25                          4.05 229 
 MBFL HZ EP       1443 8.792                              46    0.1810 5.04 306 
 MBFL H2 ES       1443 9.874                              46   -0.3710 5.04 306 
 MBBY HZ EP       1443 8.141                              46           4.05 229 
                                                                                
 2024  8 4 1643 33.6 LV 16.719 -62.177  3.8  MVO  8 0.2 1.9LMVO                1
 GAP=105   MVO  0.48       0.6     0.5  0.3  0.1028E+00  0.5947E-01  0.3541E-01E
 2024  8 4 1643 33.592  16.71931  -62.17698    3.783  0.166 MVO                H
 ACTION:UP  24-08-06 17:31 OP:rcs  STATUS:               ID:20240804164307     I
 OLDACT:REG 24-08-06 13:03 OP:rcs  STATUS:               ID:20240804164307     3
 2024-08-04-1643-07S.MV____045                                                 6
 VOLC MAIN t                                                                   3
 STAT SP IPHASW D HRMM SECON CODA AMPLIT PERI AZIMU VELO AIN AR TRES W  DIS CAZ7
 MSS1 SZ IP     C 164334.934                             175    0.1310 0.29 343 
 MBLY HZ IP       164335.025                             152    0.1310 1.51 279 
 MBLY H1 IS     C 164335.575                             152   -0.3010 1.51 279 
 MBLY H1  IAML    164337.214      1226.2 0.16                          1.51 279 
 MBLG HZ IP       164335.082                             149    0.1710 1.69  68 
 MBLG H1 ES       164335.928                             149    0.0310 1.69  68 
 MBWH BZ EP       164335.412                              46    0.2010 2.94 330 
 MBWH BE IS     C 164336.242                              46   -0.1810 2.94 330 
 MBRY BZ IP       164335.179                              46   -0.0510 3.06 124 
 MBRY BN IS       164336.220                              46   -0.2410 3.06 124 
 MBGH HZ EP       164335.487                              46    0.1610 3.40 276 
 MBGH H1 IS     C 164336.768                              46    0.1410 3.40 276 
 MBGH H1  IAML    164338.619       289.5 0.15                          3.40 276 
 MBBY HZ EP       164335.296                              46   -0.0410 3.63 229 
 MBBY H1 ES       164336.686                              46    0.0410 3.63 229 
 MBFL HZ EP       164335.830                              46    0.0810 4.98 310 
 MBFL H2 ES       164337.106                              46   -0.2610 4.98 310 
                                                                                
 2024  8 6 0351 57.8 LV 16.717 -62.176  3.7  MVO  8 0.2 1.3LMVO                1
 GAP=113   MVO  0.53       0.6     0.5  1.0  0.6719E-01  0.1068E+00  0.6514E-01E
 2024  8 6 0351 57.794  16.71667  -62.17576    3.700  0.183 MVO                H
 ACTION:UP  24-08-06 17:32 OP:rcs  STATUS:               ID:20240806035134     I
 OLDACT:REG 24-08-06 13:05 OP:rcs  STATUS:               ID:20240806035134     3
 2024-08-06-0351-34S.MV____045                                                 6
 VOLC MAIN t                                                                   3
 STAT SP IPHASW D HRMM SECON CODA AMPLIT PERI AZIMU VELO AIN AR TRES W  DIS CAZ7
 MSS1 SZ IP        35159.132                             168    0.1410 0.61 340 
 MSS1 SZ IS        35159.756                             168   -0.1410 0.61 340 
 MBLY HZ IP        35159.250                             149    0.1410 1.71 288 
 MBLY H1 IS        35159.787                             149   -0.3110 1.71 288 
 MBLY H2  IAML     352 2.927       353.3 0.18                          1.71 288 
 MBLG HZ IP        35159.290                             148    0.2010 1.71  57 
 MBLG H2 IS        35159.826                             148   -0.2310 1.71  57 
 MBRY BZ EP        35159.398                             135    0.0210 2.79 120 
 MBRY BN ES        352 0.471                             135   -0.1010 2.79 120 
 MBWH BZ IP        35159.629                              46    0.1010 3.25 330 
 MBWH BE ES        352 1.147                              46    0.3210 3.25 330 
 MBBY HZ IP        35159.540                              46   -0.0010 3.55 234 
 MBBY H2 ES        352 0.985                              46    0.1310 3.55 234 
 MBGH HZ EP        35159.746                              46    0.1510 3.57 281 
 MBGH H2 ES        352 0.826                              46   -0.1310 3.57 281 
 MBFL HZ EP        352 0.079                              46    0.0210 5.27 312 
 MBFL H2 ES        352 1.427                              46   -0.3210 5.27 312 
 MBFL H2  IAML     352 3.038        60.5 0.47                          5.27 312 
                                                                                
 2024  8 8 0142 12.3 LV 16.716 -62.181  4.3  MVO  9 0.2 1.2LMVO                1
 GAP= 59   MVO  0.58       0.7     0.7  0.7  0.6286E-01  0.8769E-01 -0.6983E-01E
 2024  8 8 0142 12.300  16.71605  -62.18087    4.279  0.206 MVO                H
 ACTION:UP  24-08-08 13:49 OP:nn   STATUS:               ID:20240808014146     I
 OLDACT:REG 24-08-08 12:52 OP:nn   STATUS:               ID:20240808014146     3
 2024-08-08-0141-46S.MV____045                                                 6
 VOLC MAIN t                                                                   3
 STAT SP IPHASW D HRMM SECON CODA AMPLIT PERI AZIMU VELO AIN AR TRES W  DIS CAZ7
 MSS1 SZ EP        14213.957                             165    0.2910 0.72  28 
 MSS1 SZ IS        14214.827                             165    0.1310 0.72  28 
 MBLY HZ EP        14213.940                             154    0.2710 1.23 298 
 MBLY H2 IS        14214.700                             154   -0.0010 1.23 298 
 MBLY H2  IAML     14215.970       225.8 0.16                          1.23 298 
 MBLG HZ EP        14213.953                             134    0.1410 2.22  64 
 MBLG H2 IS        14214.603                             134   -0.3510 2.22  64 
 MBFR HZ EP        14214.125                             131    0.1510 2.57 173 
 MBFR H2 IS     C  14214.889                             131   -0.3410 2.57 173 
 MBGH HZ EP        14214.245                             122    0.2210 3.05 284 
 MBGH H2 ES        14215.261                             122   -0.0510 3.05 284 
 MBBY HZ EP        14214.119                             120    0.1510 3.08 229 
 MBBY H2 ES        14214.966                             120   -0.2510 3.08 229 
 MBWH BZ EP        14214.113                             122    0.0610 3.08 340 
 MBWH BN ES        14215.011                             122   -0.3510 3.08 340 
 MBWH BN  IAML     14216.390       103.3 0.22                          3.08 340 
 MBRY BZ EP        14214.068                             120   -0.0010 3.25 114 
 MBRY BE ES        14215.435                             120    0.0310 3.25 114 
 MBFL HZ EP        14214.519                              36    0.0910 4.93 317 
 MBFL H2 ES        14215.841                              36   -0.1910 4.93 317 
 MBFL H2  IAML     14216.440        57.5 0.13                          4.93 317 
                                                                                
 2024  8 8 0428 40.5 LV 16.717 -62.186  3.9  MVO  9 0.2 1.1LMVO                1
 GAP= 72   MVO  0.58       0.6     0.7  1.1  0.1294E+00  0.1715E-02  0.2974E-01E
 2024  8 8 0428 40.519  16.71749  -62.18561    3.916  0.204 MVO                H
 ACTION:UP  24-08-08 13:50 OP:nn   STATUS:               ID:20240808042814     I
 OLDACT:REG 24-08-08 12:52 OP:nn   STATUS:               ID:20240808042814     3
 2024-08-08-0428-14S.MV____045                                                 6
 VOLC MAIN t                                                                   3
 STAT SP IPHASW D HRMM SECON CODA AMPLIT PERI AZIMU VELO AIN AR TRES W  DIS CAZ7
 MBLY HZ EP        42842.004                             162    0.2710 0.72 306 
 MBLY H1 ES        42842.596                             162   -0.0610 0.72 306 
 MBLY H1  IAML     42843.984       109.7 0.16                          0.72 306 
 MSS1 SZ EP        42842.014                             157    0.2010 0.97  60 
 MSS1 SZ ES        42842.763                             157   -0.0210 0.97  60 
 MBGH HZ EP        42842.324                             121    0.2710 2.52 283 
 MBGH H1 ES     D  42843.364                             121    0.1510 2.52 283 
 MBLG HZ EP        42842.038                             118   -0.0310 2.63  72 
 MBWH BZ IP        42842.179                             117    0.0410 2.79 348 
 MBWH BN IS        42843.060                             117   -0.3010 2.79 348 
 MBFR HZ EP        42842.147                             118   -0.0510 2.83 163 
 MBFR H2 IS        42842.993                             118   -0.4610 2.83 163 
 MBFR H2  IAML     42843.367       146.3 0.09                          2.83 163 
 MBBY HZ EP        42842.241                             112    0.1610 2.84 219 
 MBBY H1 ES        42843.162                             112   -0.0910 2.84 219 
 MBRY BZ EP        42842.256                             102   -0.1410 3.77 113 
 MBRY BE ES        42844.081                             102    0.2810 3.77 113 
 MBFL HZ EP        42842.579                              97    0.0210 4.47 320 
 MBFL H2 IS        42843.843                              97   -0.2510 4.47 320 
 MBFL H2  IAML     42844.343        33.8 0.09                          4.47 320 
                                                                                
 2024  8 9 1055 11.6 LV 16.713 -62.178  2.8  MVO  9 0.2 1.5LMVO                1
 GAP= 69   MVO  0.68       0.6     0.6  1.3  0.5926E-01  0.1506E+00  0.1597E-01E
 2024  8 9 1055 11.588  16.71338  -62.17770    2.815  0.242 MVO                H
 ACTION:UP  24-08-09 13:19 OP:nn   STATUS:               ID:20240809105444     I
 OLDACT:REG 24-08-09 12:53 OP:rcs  STATUS:               ID:20240809105444     3
 2024-08-09-1054-44S.MV____045                                                 6
 VOLC MAIN t                                                                   3
 STAT SP IPHASW D HRMM SECON CODA AMPLIT PERI AZIMU VELO AIN AR TRES W  DIS CAZ7
 MSS1 SZ IP       105512.793                             156    0.3010 0.93 360 
 MSS1 SZ IS       105513.322                             156    0.1610 0.93 360 
 MBLY HZ EP       105512.861                             139    0.2510 1.67 302 
 MBLY H1 IS       105513.428                             139    0.0510 1.67 302 
 MBLY H1  IAML    105514.569       365.5 0.20                          1.67 302 
 MBLG HZ IP       105512.927                             132    0.2210 2.09  52 
 MBLG H2 IS       105513.490                             132   -0.0610 2.09  52 
 MBLG H2  IAML    105514.875       225.6 0.09                          2.09  52 
 MBFR HZ EP       105512.901                             133    0.0810 2.26 181 
 MBFR H1 IS       105513.542                             133   -0.2110 2.26 181 
 MBRY BZ IP       105513.014                             124    0.0610 2.82 112 
 MBRY BE IS       105513.615                             124   -0.3610 2.82 112 
 MBRY BE  IAML    105514.699       326.4 0.22                          2.82 112 
 MBBY HZ EP       105513.192                             119    0.1610 3.17 237 
 MBBY H2 ES       105513.914                             119   -0.2010 3.17 237 
 MBGH HZ EP       105513.325                             119    0.1610 3.45 287 
 MBGH H2 ES       105514.584                             119    0.2310 3.45 287 
 MBWH BZ EP       105513.342                             120    0.1510 3.49 336 
 MBWH BE IS       105514.150                             120   -0.2410 3.49 336 
 MBFL HZ EP       105513.747                             109   -0.1110 5.37 316 
 MBFL H2 ES       105514.933                             109   -0.6310 5.37 316 
                                                                                
 2024  8 9 1055 18.9 LV 16.714 -62.179  2.7  MVO  9 0.2 1.4LMVO                1
 GAP= 65   MVO  0.54       0.4     0.5  1.0  0.3573E-01  0.1014E+00  0.1454E-01E
 2024  8 9 1055 18.940  16.71361  -62.17928    2.732  0.188 MVO                H
 ACTION:UP  24-08-09 13:27 OP:nn   STATUS:               ID:20240809105514     I
 OLDACT:REG 24-08-09 12:54 OP:rcs  STATUS:               ID:20240809105514     3
 2024-08-09-1055-14S.MV____045                                                 6
 VOLC MAIN t                                                                   3
 STAT SP IPHASW D HRMM SECON CODA AMPLIT PERI AZIMU VELO AIN AR TRES W  DIS CAZ7
 MSS1 SZ EP       105520.082                             155    0.2710 0.92  10 
 MSS1 SZ IS       105520.592                             155    0.1310 0.92  10 
 MBLY HZ EP       105520.174                             141    0.2810 1.51 304 
 MBLY H1 ES       105520.703                             141    0.0910 1.51 304 
 MBLG HZ EP       105520.195                             129    0.1210 2.21  55 
 MBLG H2 IS       105520.757                             129   -0.1710 2.21  55 
 MBLG H2  IAML    105522.155       384.1 0.10                          2.21  55 
 MBFR HZ EP       105520.229                             132    0.0710 2.28 177 
 MBFR H2 IS       105520.837                             132   -0.2410 2.28 177 
 MBRY BZ IP       105520.286                             122   -0.0610 2.99 111 
 MBRY BN IS       105521.308                             122   -0.0910 2.99 111 
 MBRY BN  IAML    105522.043       444.1 0.20                          2.99 111 
 MBBY HZ EP       105520.472                             118    0.1510 3.04 235 
 MBBY H2 IS       105521.193                             118   -0.1710 3.04 235 
 MBGH HZ EP       105520.684                             119    0.2410 3.28 288 
 MBWH BZ EP       105520.569                             119    0.0710 3.40 339 
 MBWH BE IS       105521.461                             119   -0.2010 3.40 339 
 MBFL HZ EP       105521.043                             108   -0.1010 5.24 317 
 MBFL H2 IS       105522.425                             108   -0.3810 5.24 317 
 MBFL H2  IAML    105523.835        65.3 0.17                          5.24 317 
                                                                                
 2024  810 2255 59.8 LV 16.710 -62.177  3.7  MVO  9 0.2 1.6LMVO                1
 GAP= 80   MVO  0.61       0.6     0.6  0.6  0.2961E-01  0.7792E-01 -0.8022E-01E
 2024  810 2255 59.789  16.70968  -62.17680    3.655  0.217 MVO                H
 ACTION:UP  24-08-12 12:45 OP:1    STATUS:               ID:20240810225533     I
 OLDACT:REG 24-08-12 12:42 OP:nn   STATUS:               ID:20240810225533     3
 2024-08-10-2255-33S.MV____045                                                 6
 VOLC MAIN t                                                                   3
 STAT SP IPHASW D HRMM SECON CODA AMPLIT PERI AZIMU VELO AIN AR TRES W  DIS CAZ7
 MSS1 SZ IP       2256 1.213                             155    0.1510 1.35 356 
 MSS1 SZ IS       2256 1.989                             155   -0.0310 1.35 356 
 MBFR HZ EP       2256 1.445                             148    0.2610 1.85 184 
 MBFR H1 IS       2256 2.014                             148   -0.2210 1.85 184 
 MBFR H1  IAML    2256 3.899       323.8 0.16                          1.85 184 
 MBLY HZ EP       2256 1.317                             144    0.1610 1.99 310 
 MBLY H1 ES       2256 1.912                             144   -0.2610 1.99 310 
 MBLY H1  IAML    2256 3.941       310.4 0.12                          1.99 310 
 MBLG HZ IP       2256 1.389                             140    0.1810 2.30  42 
 MBLG H1 ES       2256 1.974                             140   -0.3010 2.30  42 
 MBRY BZ EP       2256 1.524                             137    0.2210 2.60 104 
 MBRY BE IS       2256 2.226                             137   -0.2210 2.60 104 
 MBRY BE  IAML    2256 4.624       254.7 0.33                          2.60 104 
 MBBY HZ IP       2256 1.611                             130    0.2310 3.05 244 
 MBBY H2 ES       2256 2.265                             130   -0.3210 3.05 244 
 MBGH HZ EP       2256 1.805                             127    0.1710 3.68 293 
 MBGH H1 ES     D 2256 3.136                             127    0.1210 3.68 293 
 MBWH BZ EP       2256 1.693                             126   -0.0210 3.90 337 
 MBWH BN ES       2256 3.356                             126    0.2010 3.90 337 
 MBFL HZ EP       2256 2.264                              46    0.0710 5.74 318 
 MBFL H2 IS       2256 3.616                              46   -0.3910 5.74 318 
                                                                                
 2024  813 0106  8.1 LV 16.712 -62.176  4.0  MVO 10 0.3 2.4LMVO                1
 GAP= 75   MVO  0.74       0.9     0.8  0.8  0.5138E-01  0.1403E+00 -0.1312E+00E
 2024  813 0106  8.065  16.71177  -62.17637    4.043  0.265 MVO                H
 ACTION:UP  24-08-13 13:17 OP:nn   STATUS:               ID:20240813010540     I
 OLDACT:REG 24-08-13 13:05 OP:nn   STATUS:               ID:20240813010540     3
 2024-08-13-0105-40S.MV____045                                                 6
 VOLC MAIN t                                                                   3
 STAT SP IPHASW D HRMM SECON CODA AMPLIT PERI AZIMU VELO AIN AR TRES W  DIS CAZ7
 MSS1 SZ IP        1 6 9.556                             154    0.1510 1.12 353 
 MSS1 SZ IS        1 610.864                             154    0.4510 1.12 353 
 MBLY HZ IP        1 6 9.709                             137    0.2210 1.89 304 
 MBLY H2 IS     C  1 610.265                             137   -0.2910 1.89 304 
 MBLY H2  IAML     1 612.569      2906.6 0.21                          1.89 304 
 MBFR HZ IP        1 6 9.758                             135    0.1710 2.08 185 
 MBFR H2 IS        1 610.324                             135   -0.4110 2.08 185 
 MBLG HZ IP        1 6 9.727                             132    0.2210 2.10  46 
 MBLG H1 IS     C  1 610.279                             132   -0.3110 2.10  46 
 MBRY BZ IP        1 6 9.827                             123    0.1810 2.62 109 
 MBRY BE IS        1 610.549                             123   -0.2910 2.62 109 
 MBRY BE  IAML     1 612.924      2667.0 0.22                          2.62 109 
 MBBY HZ IP        1 6 9.979                             111    0.2410 3.20 241 
 MBBY H2 ES        1 610.843                             111   -0.1510 3.20 241 
 MBGH HZ EP        1 610.179                             108    0.2710 3.64 289 
 MBGH H2 ES        1 611.241                             108   -0.0610 3.64 289 
 MBWH BZ IP        1 610.033                             108    0.0910 3.71 335 
 MBWH BE IS        1 610.954                             108   -0.4010 3.71 335 
 MBWH BE  IAML     1 612.856      1420.0 0.20                          3.71 335 
 MBFL HZ EP        1 610.527                              36    0.1610 5.60 317 
 MBFL H2 ES        1 611.705                              36   -0.3910 5.60 317 
 MBRV BZ EP        1 611.451                              36    0.1510 11.2 349 
                                                                                
 2024  813 0725 57.8 LV 16.714 -62.182  3.0  MVO  7 0.2 1.7LMVO                1
 GAP=142   MVO  0.67       0.6     0.9  1.3  0.9876E-01  0.3445E+00 -0.1033E-01E
 2024  813 0725 57.760  16.71378  -62.18210    2.962  0.238 MVO                H
 ACTION:UP  24-08-13 13:23 OP:nn   STATUS:               ID:20240813072531     I
 OLDACT:REG 24-08-13 13:07 OP:nn   STATUS:               ID:20240813072531     3
 2024-08-13-0725-31S.MV____045                                                 6
 VOLC MAIN t                                                                   3
 STAT SP IPHASW D HRMM SECON CODA AMPLIT PERI AZIMU VELO AIN AR TRES W  DIS CAZ7
 MSS1 SZ EP        72558.914                             155    0.1910 1.00  28 
 MSS1 SZ IS        72559.477                             155    0.0310 1.00  28 
 MBLY HZ IP        72559.015                             149    0.2810 1.27 311 
 MBLY H1 IS        72559.589                             149    0.1310 1.27 311 
 MBLY H1  IAML     726 1.732       848.2 0.16                          1.27 311 
 MBFR HZ IP        72559.077                             134    0.0110 2.34 169 
 MBFR H2 ES        72559.719                             134   -0.3210 2.34 169 
 MBFR H2  IAML     726 2.095       576.3 0.12                          2.34 169 
 MBBY HZ IP        72559.259                             124    0.1410 2.82 231 
 MBBY H2 IS        72559.894                             124   -0.2410 2.82 231 
 MBGH HZ EP        72559.460                             125    0.2410 2.99 289 
 MBGH H2 IS        726 0.617                             125    0.3110 2.99 289 
 MBGH H2  IAML     726 2.631       314.4 0.23                          2.99 289 
 MBWH BZ EP        72559.406                             123    0.0810 3.28 343 
 MBWH BE ES        726 0.220                             123   -0.2810 3.28 343 
 MBFL HZ EP        72559.817                             111   -0.1010 5.03 320 
 MBFL H2 ES        726 1.057                             111   -0.4810 5.03 320 
                                                                                
 2024  813 2115 20.2 LV 16.721 -62.182  4.8  MVO  8 0.3 1.8LMVO                1
 GAP= 96   MVO  0.71       1.4     1.6  2.7  0.3608E+00  0.1596E+01  0.3967E+00E
 2024  813 2115 20.181  16.72064  -62.18163    4.784  0.253 MVO                H
 ACTION:UP  24-08-14 12:56 OP:nn   STATUS:               ID:20240813211454     I
 OLDACT:REG 24-08-14 12:43 OP:nn   STATUS:               ID:20240813211454     3
 2024-08-13-2114-54S.MV____045                                                 6
 VOLC MAIN t                                                                   3
 STAT SP IPHASW D HRMM SECON CODA AMPLIT PERI AZIMU VELO AIN AR TRES W  DIS CAZ7
 MSS1 SZ EP       211522.003                             172    0.3310 0.43  72 
 MSS1 SZ ES       211523.139                             172    0.3510 0.43  72 
 MBLY HZ EP       211521.816                             162    0.1510 1.00 274 
 MBLY H2 IS       211522.724                             162   -0.0510 1.00 274 
 MBLY H2  IAML    211525.835       417.9 0.17                          1.00 274 
 MBLG HZ EP       211521.875                              36    0.1310 2.12  77 
 MBLG H2 IS     C 211522.661                              36   -0.2610 2.12  77 
 MBLG H2  IAML    211523.756       282.9 0.11                          2.12  77 
 MBWH BZ EP       211521.857                              36   -0.0110 2.58 337 
 MBWH BE IS       211522.699                              36   -0.4310 2.58 337 
 MBWH BE  IAML    211524.355       301.7 0.20                          2.58 337 
 MBGH HZ EP       211522.031                              36    0.1410 2.89 274 
 MBGH H1 ES       211523.504                              36    0.3210 2.89 274 
 MBFR HZ EP       211522.068                              36    0.0710 3.08 173 
 MBFR H2 ES       211522.970                              36   -0.3910 3.08 173 
 MBFR H2  IAML    211523.588       711.2 0.15                          3.08 173 
 MBBY HZ EP       211522.087                              36    0.1810 3.38 221 
 MBBY H2 ES       211522.867                              36   -0.3410 3.38 221 
 MBFL HZ EP       211522.206                              36    0.0810 4.51 313 
 MBFL H2 ES       211523.318                              36   -0.2710 4.51 313 
                                                                                
 2024  813 2136 53.8 LV 16.711 -62.177  4.1  MVO  9 0.3 2.7LMVO                1
 GAP= 77   MVO  0.79       1.0     0.9  1.0  0.5545E-01  0.2130E+00 -0.1524E+00E
 2024  813 2136 53.810  16.71055  -62.17714    4.061  0.286 MVO                H
 ACTION:UP  24-08-14 12:56 OP:nn   STATUS:               ID:20240813213626     I
 OLDACT:REG 24-08-14 12:54 OP:nn   STATUS:               ID:20240813213626     3
 2024-08-13-2136-26S.MV____045                                                 6
 VOLC MAIN t                                                                   3
 STAT SP IPHASW D HRMM SECON CODA AMPLIT PERI AZIMU VELO AIN AR TRES W  DIS CAZ7
 MSS1 SZ IP     C 213655.384                             152    0.2110 1.25 357 
 MSS1 SZ ES       213656.676                             152    0.4810 1.25 357 
 MBLY HZ EP       213655.464                             137    0.2210 1.90 309 
 MBLY H1 IS       213655.933                             137   -0.3810 1.90 309 
 MBLY H1  IAML    213659.331      6775.8 0.19                          1.90 309 
 MBFR HZ EP       213655.491                             138    0.1810 1.94 183 
 MBFR H2 IS       213656.076                             138   -0.3610 1.94 183 
 MBLG HZ IP       213655.499                             129    0.2110 2.25  45 
 MBLG H1 IS       213656.151                             129   -0.2510 2.25  45 
 MBRY BZ IP       213655.578                             123    0.1710 2.66 106 
 MBRY BE IS       213656.223                             123   -0.3810 2.66 106 
 MBRY BE  IAML    213658.187      6187.9 0.17                          2.66 106 
 MBBY HZ EP       213655.800                             114    0.3510 3.06 242 
 MBBY H2 IS       213656.452                             114   -0.2210 3.06 242 
 MBBY H2  IAML    2137 0.115      3963.9 0.19                          3.06 242 
 MBGH HZ EP       213655.964                             109    0.3110 3.61 292 
 MBGH H2 ES       213656.912                             109   -0.1210 3.61 292 
 MBWH BZ IP       213655.831                             108    0.1110 3.80 337 
 MBWH BE IS       213656.781                             108   -0.3710 3.80 337 
 MBWH BE  IAML    213658.673      3387.5 0.34                          3.80 337 
 MBFL HZ EP       213656.269                              36    0.1610 5.64 318 
 MBFL H2 IS       213657.512                              36   -0.3310 5.64 318 
                                                                                
 2024  815 2256 21.3 LV 16.712 -62.178  3.0  MVO  9 0.2 2.0LMVO                1
 GAP= 71   MVO  0.58       0.5     0.5  1.1  0.2688E-01  0.9318E-01  0.1148E-01E
 2024  815 2256 21.260  16.71199  -62.17801    2.961  0.204 MVO                H
 ACTION:UP  24-08-16 12:59 OP:nn   STATUS:               ID:20240815225553     I
 OLDACT:REG 24-08-16 12:36 OP:nn   STATUS:               ID:20240815225553     3
 2024-08-15-2255-53S.MV____045                                                 6
 VOLC MAIN t                                                                   3
 STAT SP IPHASW D HRMM SECON CODA AMPLIT PERI AZIMU VELO AIN AR TRES W  DIS CAZ7
 MSS1 SZ IP       225622.414                             154    0.1710 1.09   1 
 MSS1 SZ ES       225623.393                             154    0.4210 1.09   1 
 MBLY HZ IP       225622.528                             140    0.1910 1.73 307 
 MBLY H2 IS       225623.042                             140   -0.1110 1.73 307 
 MBLY H2  IAML    225625.240      1282.6 0.21                          1.73 307 
 MBFR HZ IP       225622.635                             137    0.1410 2.10 180 
 MBFR H2 ES       225623.234                             137   -0.1910 2.10 180 
 MBLG HZ EP       225622.611                             132    0.1610 2.21  49 
 MBLG H1 IS       225623.172                             132   -0.1810 2.21  49 
 MBLG H1  IAML    225624.576      1130.8 0.11                          2.21  49 
 MBRY BZ IP       225622.748                             127    0.1010 2.80 109 
 MBRY BN IS       225623.483                             127   -0.2110 2.80 109 
 MBRY BN  IAML    225624.791      1147.4 0.18                          2.80 109 
 MBBY HZ IP       225622.821                             122    0.1210 3.06 239 
 MBBY H1 ES       225623.564                             122   -0.2110 3.06 239 
 MBBY H1  IAML    225625.344       732.1 0.20                          3.06 239 
 MBGH HZ IP       225622.995                             121    0.1210 3.47 290 
 MBGH H2 ES       225624.197                             121    0.1110 3.47 290 
 MBWH BZ EP       225622.914                             120   -0.0210 3.61 338 
 MBWH BE ES       225623.788                             120   -0.4110 3.61 338 
 MBWH BE  IAML    225625.258       474.3 0.21                          3.61 338 
 MBFL HZ EP       225623.386                             110   -0.2010 5.46 318 
                                                                                
 2024  816 0623 56.7 LV 16.714 -62.178  2.8  MVO  9 0.2 1.9LMVO                1
 GAP= 66   MVO  0.62       0.5     0.5  1.1  0.5119E-01  0.1156E+00  0.1921E-01E
 2024  816 0623 56.658  16.71391  -62.17846    2.824  0.220 MVO                H
 ACTION:UP  24-08-16 13:08 OP:nn   STATUS:               ID:20240816062329     I
 OLDACT:REG 24-08-16 12:37 OP:nn   STATUS:               ID:20240816062329     3
 2024-08-16-0623-29S.MV____045                                                 6
 VOLC MAIN t                                                                   3
 STAT SP IPHASW D HRMM SECON CODA AMPLIT PERI AZIMU VELO AIN AR TRES W  DIS CAZ7
 MSS1 SZ IP        62357.716                             157    0.1610 0.88   5 
 MSS1 SZ ES        62358.384                             157    0.1610 0.88   5 
 MBLY HZ EP        62357.883                             141    0.2310 1.57 302 
 MBLY H2 IS        62358.473                             141    0.0710 1.57 302 
 MBLY H2  IAML     624 0.769      1079.8 0.19                          1.57 302 
 MBLG HZ IP        62357.981                             131    0.1910 2.12  55 
 MBLG H2 IS        62358.613                             131   -0.0210 2.12  55 
 MBLG H2  IAML     624 2.615       572.4 0.22                          2.12  55 
 MBFR HZ EP        62357.992                             133    0.0810 2.31 179 
 MBFR H2 IS        62358.592                             133   -0.2610 2.31 179 
 MBFR H2  IAML     624 1.412      1083.2 0.18                          2.31 179 
 MBRY BZ IP        62358.098                             124    0.0410 2.92 112 
 MBRY BN IS        62358.874                             124   -0.2310 2.92 112 
 MBBY HZ IP        62358.228                             119    0.1410 3.13 235 
 MBBY H2 ES        62358.954                             119   -0.2110 3.13 235 
 MBGH HZ EP        62358.405                             120    0.2010 3.36 287 
 MBGH H1 ES        62359.672                             120    0.3010 3.36 287 
 MBWH BZ EP        62358.342                             120    0.1110 3.40 337 
 MBWH BE ES        62359.082                             120   -0.3310 3.40 337 
 MBFL HZ EP        62358.797                             109   -0.0910 5.28 317 
 MBFL H2 ES        624 0.052                             109   -0.5110 5.28 317 
                                                                                
 2024  817 1559 27.0 LV 16.713 -62.179  3.7  MVO  7 0.2 2.1LMVO                1
 GAP=165   MVO  0.68       0.8     1.7  0.6 -0.2473E-01  0.7011E+00 -0.9167E-01E
 2024  817 1559 27.018  16.71348  -62.17941    3.698  0.245 MVO                H
 ACTION:UP  24-08-19 12:43 OP:nn   STATUS:               ID:20240817155900     I
 OLDACT:REG 24-08-19 12:19 OP:nn   STATUS:               ID:20240817155900     3
 2024-08-17-1559-00S.MV____045                                                 6
 VOLC MAIN t                                                                   3
 STAT SP IPHASW D HRMM SECON CODA AMPLIT PERI AZIMU VELO AIN AR TRES W  DIS CAZ7
 MSS1 SZ EP       155928.454                             162    0.2010 0.94  11 
 MSS1 SZ ES       155929.114                             162   -0.0610 0.94  11 
 MBLY HZ EP       155928.547                             152    0.2510 1.51 305 
 MBLY H1 IS       155929.100                             152   -0.1510 1.51 305 
 MBLY H1  IAML    155930.180      1299.2 0.15                          1.51 305 
 MBFR HZ EP       155928.652                             143    0.1310 2.27 176 
 MBFR H2 IS       155929.239                             143   -0.4110 2.27 176 
 MBFR H2  IAML    155930.394      1645.3 0.16                          2.27 176 
 MBBY HZ IP       155928.808                              46    0.1910 3.02 235 
 MBBY H2 IS       155929.630                              46   -0.1910 3.02 235 
 MBBY H2  IAML    155931.609       535.2 0.14                          3.02 235 
 MBGH HZ EP       155928.997                              46    0.2610 3.28 288 
 MBGH H2 ES       155930.295                              46    0.2610 3.28 288 
 MBWH BZ IP       155928.901                              46    0.1110 3.41 339 
 MBWH BE ES       155929.869                              46   -0.2610 3.41 339 
 MBFL HZ EP       155929.408                              46    0.1410 5.24 318 
 MBFL H2 ES       155930.492                              46   -0.4710 5.24 318 
                                                                                
 2024  817 1936 46.2 LV 16.712 -62.180  2.7  MVO  8 0.2 1.3LMVO                1
 GAP= 68   MVO  0.53       0.5     0.5  1.1  0.6232E-02  0.1305E+00 -0.3052E-01E
 2024  817 1936 46.176  16.71155  -62.17979    2.735  0.185 MVO                H
 ACTION:UP  24-08-19 12:49 OP:nn   STATUS:               ID:20240817193620     I
 OLDACT:REG 24-08-19 12:31 OP:nn   STATUS:               ID:20240817193620     3
 2024-08-17-1936-20S.MV____045                                                 6
 VOLC MAIN t                                                                   3
 STAT SP IPHASW D HRMM SECON CODA AMPLIT PERI AZIMU VELO AIN AR TRES W  DIS CAZ7
 MSS1 SZ IP       193647.326                             150    0.2410 1.16  11 
 MSS1 SZ IS       193648.002                             150    0.2310 1.16  11 
 MBFR HZ IP       193647.466                             135    0.1310 2.06 175 
 MBFR H2 ES       193647.994                             135   -0.2110 2.06 175 
 MBLG HZ EP       193647.498                             127    0.1310 2.39  52 
 MBLG H2 IS       193648.086                             127   -0.1810 2.39  52 
 MBLG H2  IAML    193649.059       266.9 0.15                          2.39  52 
 MBBY HZ EP       193647.638                             120    0.1410 2.87 238 
 MBBY H2 IS       193648.275                             120   -0.2210 2.87 238 
 MBBY H2  IAML    193649.862       128.9 0.13                          2.87 238 
 MBRY BZ IP       193647.554                             122   -0.0210 2.96 107 
 MBRY BN IS       193648.610                             122   -0.0110 2.96 107 
 MBRY BN  IAML    193650.147       193.6 0.13                          2.96 107 
 MBGH HZ IP       193647.852                             119    0.1610 3.31 292 
 MBGH H2 IS       193649.011                             119    0.1810 3.31 292 
 MBGH H2  IAML    193651.015       142.4 0.19                          3.31 292 
 MBWH BZ IP       193647.798                             118   -0.0010 3.59 341 
 MBWH BN ES       193648.666                             118   -0.3510 3.59 341 
 MBFL HZ EP       193648.230                             108   -0.2110 5.37 320 
                                                                                
 2024  817 1937 26.2 LV 16.711 -62.179  2.5  MVO  8 0.2 1.3LMVO                1
 GAP= 70   MVO  0.58       0.5     0.5  1.3  0.1714E-01  0.6352E-01  0.6370E-01E
 2024  817 1937 26.159  16.71127  -62.17934    2.458  0.204 MVO                H
 ACTION:UP  24-08-19 12:53 OP:nn   STATUS:               ID:20240817193653     I
 OLDACT:REG 24-08-19 12:31 OP:nn   STATUS:               ID:20240817193653     3
 2024-08-17-1936-53S.MV____045                                                 6
 VOLC MAIN t                                                                   3
 STAT SP IPHASW D HRMM SECON CODA AMPLIT PERI AZIMU VELO AIN AR TRES W  DIS CAZ7
 MSS1 SZ EP       193727.260                             145    0.2710 1.18   8 
 MSS1 SZ IS       193727.790                             145    0.1910 1.18   8 
 MBLY HZ IP       193727.329                             133    0.2510 1.67 312 
 MBLY H2 IS       193727.909                             133    0.1410 1.67 312 
 MBLY H2  IAML    193728.680       212.3 0.19                          1.67 312 
 MBFR HZ IP       193727.401                             131    0.1710 2.03 176 
 MBFR H2 ES       193727.921                             131   -0.1210 2.03 176 
 MBLG HZ EP       193727.364                             122    0.0810 2.37  50 
 MBLG H1 IS       193727.994                             122   -0.1310 2.37  50 
 MBLG H1  IAML    193728.690       247.4 0.17                          2.37  50 
 MBBY HZ EP       193727.577                             115    0.1310 2.90 239 
 MBBY H2 ES       193728.199                             115   -0.2110 2.90 239 
 MBRY BZ EP       193727.498                             118    0.0210 2.91 106 
 MBRY BE IS       193728.220                             118   -0.2510 2.91 106 
 MBRY BE  IAML    193729.718       149.0 0.18                          2.91 106 
 MBGH HZ EP       193727.793                             115    0.1510 3.36 292 
 MBGH H1 ES       193728.478                             115   -0.2810 3.36 292 
 MBWH BZ EP       193727.761                             114    0.0110 3.64 340 
 MBWH BE ES       193728.522                             114   -0.4310 3.64 340 
                                                                                
 2024  818 0640  1.4 LV 16.714 -62.178  2.3  MVO  8 0.2                        1
 GAP= 78   MVO  0.54       0.4     0.4  1.4  0.3231E-01  0.8562E-01 -0.5491E-01E
 2024  818 0640  1.436  16.71391  -62.17807    2.297  0.186 MVO                H
 ACTION:UP  24-08-20 14:09 OP:rcs  STATUS:               ID:20240818063933     I
 OLDACT:REG 24-08-19 12:27 OP:nn   STATUS:               ID:20240818063933     3
 2024-08-18-0639-33S.MV____045                                                 6
 VOLC MAIN h                                                                   3
 STAT SP IPHASW D HRMM SECON CODA AMPLIT PERI AZIMU VELO AIN AR TRES W  DIS CAZ7
 MBLY HZ IP     D  640 2.626                             131    0.3410 1.61 301 
 MBLY H2 IS        640 3.029                             131    0.1010 1.61 301 
 MBLG HZ IP        640 2.661                             123    0.2310 2.09  54 
 MBLG H2 ES        640 3.227                             123    0.0510 2.09  54 
 MBFR HZ EP        640 2.656                             125    0.1010 2.31 180 
 MBFR H1 ES        640 3.290                             125   -0.1110 2.31 180 
 MBRY BZ IP     C  640 2.765                             116    0.0510 2.88 113 
 MBRY BE IS        640 3.401                             116   -0.2810 2.88 113 
 MBBY HZ EP        640 2.879                             111    0.0910 3.17 235 
 MBBY H1 IS        640 3.629                             111   -0.1810 3.17 235 
 MBGH HZ IP     C  640 3.087                             112    0.1810 3.40 286 
 MBGH H2 ES        640 4.117                             112    0.1110 3.40 286 
 MBWH BZ IP     C  640 2.984                             113    0.0610 3.42 336 
 MBWH BN ES        640 3.792                             113   -0.2410 3.42 336 
 MBFL HZ IP     C  640 3.451                             104   -0.1710 5.30 316 
 MBFL H2 ES        640 4.945                             104   -0.3110 5.30 316 
                                                                                
 2024  818  720 45.0 LV                      MVO                               1
 ACTION:REG 24-08-19 12:28 OP:nn   STATUS:               ID:20240818072045     I
 2024-08-18-0720-45S.MV____045                                                 6
 VOLC MAIN t                                                                   3
 STAT SP IPHASW D HRMM SECON CODA AMPLIT PERI AZIMU VELO AIN AR TRES W  DIS CAZ7
 MSS1 SZ IP        72110.903                                                    
                                                                                
 2024  818  831 19.0 LV                      MVO                               1
 ACTION:REG 24-08-20 13:35 OP:rcs  STATUS:               ID:20240818083119     I
 2024-08-18-0831-19S.MV____047                                                 6
 VOLC MAIN r                                                                   3
 STAT SP IPHASW D HRMM SECON CODA AMPLIT PERI AZIMU VELO AIN AR TRES W  DIS CAZ7
                                                                                
 2024  818  832 41.8 LV                      MVO                               1
 ACTION:REG 24-08-21 10:03 OP:vab  STATUS:               ID:20240818083241     I
 2024-08-18-0832-41S.MV____047                                                 6
 VOLC MAIN r                                                                   3
 STAT SP IPHASW D HRMM SECON CODA AMPLIT PERI AZIMU VELO AIN AR TRES W  DIS CAZ7
                                                                                
 2024  818  833 24.0 LV                      MVO                               1
 ACTION:REG 24-08-21 10:04 OP:vab  STATUS:               ID:20240818083324     I
 2024-08-18-0833-24S.MV____045                                                 6
 VOLC MAIN r                                                                   3
 STAT SP IPHASW D HRMM SECON CODA AMPLIT PERI AZIMU VELO AIN AR TRES W  DIS CAZ7
                                                                                
 2024  819 1322  7.3 LV 16.711 -62.178  2.5  MVO  8 0.2 1.3LMVO                1
 GAP= 73   MVO  0.55       0.5     0.5  1.2  0.1119E-01  0.7648E-01  0.1846E-01E
 2024  819 1322  7.339  16.71119  -62.17788    2.487  0.194 MVO                H
 ACTION:UP  24-08-20 13:15 OP:nn   STATUS:               ID:20240819132140     I
 OLDACT:REG 24-08-20 12:49 OP:nn   STATUS:               ID:20240819132140     3
 2024-08-19-1321-40S.MV____045                                                 6
 VOLC MAIN t                                                                   3
 STAT SP IPHASW D HRMM SECON CODA AMPLIT PERI AZIMU VELO AIN AR TRES W  DIS CAZ7
 MSS1 SZ IP       1322 8.399                             146    0.2310 1.18   1 
 MSS1 SZ IS       1322 9.036                             146    0.2410 1.18   1 
 MBLY HZ EP       1322 8.507                             132    0.2110 1.79 309 
 MBLY H1 IS       1322 9.024                             132    0.0010 1.79 309 
 MBLY H1  IAML    132211.222       299.0 0.14                          1.79 309 
 MBFR HZ IP       1322 8.589                             132    0.1710 2.01 180 
 MBFR H1 ES       1322 9.055                             132   -0.1710 2.01 180 
 MBLG HZ IP       1322 8.571                             124    0.1410 2.26  47 
 MBLG H2 IS       1322 9.111                             124   -0.1410 2.26  47 
 MBLG H2  IAML    132210.116       265.1 0.20                          2.26  47 
 MBRY BZ EP       1322 8.671                             120    0.0610 2.76 107 
 MBRY BE IS       1322 9.351                             120   -0.2210 2.76 107 
 MBBY HZ EP       1322 8.829                             115    0.1610 3.03 240 
 MBBY H2 ES       1322 9.496                             115   -0.1810 3.03 240 
 MBWH BZ EP       1322 9.071                             114    0.1110 3.70 338 
 MBWH BE IS       1322 9.779                             114   -0.4010 3.70 338 
 MBWH BE  IAML    132211.259        96.2 0.26                          3.70 338 
 MBFL HZ EP       1322 9.435                             105   -0.2010 5.54 318 
                                                                                
 2024  819 1322 46.5 LV 16.710 -62.177  2.7  MVO  7 0.1 0.9LMVO                1
 GAP= 79   MVO  0.41       0.4     0.5  1.0 -0.4668E-01 -0.7344E-02  0.5299E-01E
 2024  819 1322 46.508  16.71024  -62.17651    2.688  0.133 MVO                H
 ACTION:UP  24-08-20 13:15 OP:nn   STATUS:               ID:20240819132225     I
 OLDACT:REG 24-08-20 13:15 OP:nn   STATUS:               ID:20240819132225     3
 2024-08-19-1322-25S.MV____045                                                 6
 VOLC MAIN t                                                                   3
 STAT SP IPHASW D HRMM SECON CODA AMPLIT PERI AZIMU VELO AIN AR TRES W  DIS CAZ7
 MSS1 SZ EP       132247.533                             146    0.1010 1.29 354 
 MSS1 SZ IS       132248.090                             146   -0.0410 1.29 354 
 MBFR HZ IP       132247.748                             136    0.1410 1.91 185 
 MBFR H1 ES       132248.367                             136   -0.0710 1.91 185 
 MBFR H1  IAML    132249.241        99.8 0.13                          1.91 185 
 MBLY HZ IP       132247.642                             132    0.0610 1.97 308 
 MBLY H1 ES       132248.580                             132    0.2010 1.97 308 
 MBLY H1  IAML    132250.331        61.1 0.17                          1.97 308 
 MBLG HZ EP       132247.698                             128    0.0610 2.23  43 
 MBLG H1 ES       132248.353                             128   -0.1310 2.23  43 
 MBLG H1  IAML    132251.353        61.3 0.23                          2.23  43 
 MBRY BZ EP       132247.813                             125    0.0410 2.59 106 
 MBBY HZ EP       132247.999                             117    0.0910 3.11 243 
 MBBY H1 IS       132248.749                             117   -0.2110 3.11 243 
 MBWH BZ EP       132247.977                             116   -0.2410 3.85 336 
                                                                                
 2024  819 2058 52.4 LV 16.716 -62.180  2.9  MVO  9 0.3 2.1LMVO                1
 GAP= 59        0.87       0.7     0.7  1.5  0.1144E+00  0.1767E+00  0.7146E-01E
 2024  819 2058 52.365  16.71608  -62.18034    2.878  0.316                    H
 ACTION:REG 24-08-20 13:23 OP:nn   STATUS:               ID:20240819205824     I
 2024-08-19-2058-24S.MV____045                                                 6
 VOLC MAIN t                                                                   3
 STAT SP IPHASW D HRMM SECON CODA AMPLIT PERI AZIMU VELO AIN AR TRES W  DIS CAZ7
 MSS1 SZ IP       205853.594                             162    0.3410 0.69  24 
 MSS1 SZ IS       205854.087                             162    0.1610 0.69  24 
 MBLY HZ EP       205853.711                             147    0.4010 1.28 297 
 MBLY H1 IS     C 205854.205                             147    0.1810 1.28 297 
 MBLY H1  IAML    205856.471      1652.8 0.18                          1.28 297 
 MBLG HZ IP       205853.756                             132    0.2310 2.17  63 
 MBLG H2 IS       205854.274                             132   -0.1210 2.17  63 
 MBLG H2  IAML    205855.299      1753.1 0.18                          2.17  63 
 MBFR HZ IP     C 205853.753                             130    0.0410 2.57 174 
 MBFR H2 IS       205854.378                             130   -0.3410 2.57 174 
 MBGH HZ EP       205854.209                             123    0.3710 3.10 283 
 MBWH BZ IP       205854.081                             123    0.2310 3.10 339 
 MBGH H1 ES       205854.906                             123   -0.0410 3.10 283 
 MBWH BE ES       205854.748                             123   -0.2210 3.10 339 
 MBBY HZ IP       205853.988                             120    0.1810 3.12 229 
 MBBY H2 IS       205854.736                             120   -0.1510 3.12 229 
 MBBY H2  IAML    205858.943       806.6 0.25                          3.12 229 
 MBRY BZ IP       205853.823                             122   -0.0510 3.20 115 
 MBRY BN IS       205854.625                             122   -0.3810 3.20 115 
 MBRY BN  IAML    205859.533       893.7 0.42                          3.20 115 
 MBFL HZ EP       205854.547                             111    0.0610 4.96 316 
 MBFL H2 ES       205855.167                             111   -0.9110 4.96 316 
                                                                                
 2024  820 2134 27.0 LV                      MVO                               1
 ACTION:REG 24-08-21 10:08 OP:vab  STATUS:               ID:20240820213427     I
 2024-08-20-2134-27S.MV____045                                                 6
 VOLC MAIN l                                                                   3
 STAT SP IPHASW D HRMM SECON CODA AMPLIT PERI AZIMU VELO AIN AR TRES W  DIS CAZ7
 MBLG HZ IP       213449.694                                                    
                                                                                
 2024  820 2357  9.0 LV                      MVO                               1
 ACTION:REG 24-08-21 10:08 OP:vab  STATUS:               ID:20240820235709     I
 2024-08-20-2357-09S.MV____045                                                 6
 VOLC MAIN r                                                                   3
 STAT SP IPHASW D HRMM SECON CODA AMPLIT PERI AZIMU VELO AIN AR TRES W  DIS CAZ7
                                                                                
 2024  821 0842 40.5 LV 16.713 -62.179  2.7  MVO  9 0.2 1.5LMVO                1
 GAP= 66   MVO  0.67       0.5     0.5  1.2  0.5421E-01  0.1258E+00  0.1528E-01E
 2024  821 0842 40.536  16.71314  -62.17923    2.736  0.239 MVO                H
 ACTION:UP  24-08-21 13:16 OP:nn   STATUS:               ID:20240821084213     I
 OLDACT:REG 24-08-21 10:09 OP:vab  STATUS:               ID:20240821084213     3
 2024-08-21-0842-13S.MV____045                                                 6
 VOLC MAIN t                                                                   3
 STAT SP IPHASW D HRMM SECON CODA AMPLIT PERI AZIMU VELO AIN AR TRES W  DIS CAZ7
 MSS1 SZ EP        84241.709                             154    0.2910 0.97   9 
 MSS1 SZ ES        84242.274                             154    0.2010 0.97   9 
 MBLY HZ IP        84241.799                             140    0.3010 1.55 306 
 MBLY H1 IS        84242.346                             140    0.1210 1.55 306 
 MBLY H1  IAML     84244.492       406.5 0.12                          1.55 306 
 MBFR HZ IP        84241.855                             132    0.1110 2.23 177 
 MBFR H2 IS        84242.410                             132   -0.2410 2.23 177 
 MBFR H2  IAML     84244.925       482.7 0.13                          2.23 177 
 MBLG HZ IP        84241.870                             129    0.1910 2.24  54 
 MBLG H2 IS        84242.400                             129   -0.1410 2.24  54 
 MBLG H2  IAML     84244.562       269.5 0.24                          2.24  54 
 MBRY BZ IP        84241.964                             122    0.0310 2.96 110 
 MBRY BE IS        84242.686                             122   -0.2910 2.96 110 
 MBBY HZ IP        84242.053                             119    0.1410 3.02 235 
 MBBY H2 IS        84242.699                             119   -0.2510 3.02 235 
 MBBY H2  IAML     84247.881       130.5 0.25                          3.02 235 
 MBGH HZ EP        84242.246                             119    0.2010 3.30 288 
 MBGH H2 ES        84243.310                             119    0.1210 3.30 288 
 MBWH BZ IP        84242.220                             119    0.1110 3.45 339 
 MBWH BE ES        84242.964                             119   -0.3310 3.45 339 
 MBFL HZ EP        84242.773                             108    0.0110 5.28 318 
 MBFL H2 IS        84243.849                             108   -0.5810 5.28 318 
                                                                                
 2024  821 1118 21.0 LV                      MVO                               1
 ACTION:REG 24-08-21 12:50 OP:nn   STATUS:               ID:20240821111821     I
 2024-08-21-1118-21S.MV____045                                                 6
 VOLC MAIN r                                                                   3
 STAT SP IPHASW D HRMM SECON CODA AMPLIT PERI AZIMU VELO AIN AR TRES W  DIS CAZ7
                                                                                
 2024  821 2303 33.8 LV 16.723 -62.189  4.8  MVO 10 0.2 1.8LMVO                1
 GAP= 89   MVO  0.65       0.9     1.1  0.5  0.2123E+00  0.7501E-01 -0.2214E-01E
 2024  821 2303 33.816  16.72267  -62.18902    4.789  0.231 MVO                H
 ACTION:UP  24-08-22 13:09 OP:nn   STATUS:               ID:20240821230306     I
 OLDACT:REG 24-08-22 12:57 OP:nn   STATUS:               ID:20240821230306     3
 2024-08-21-2303-06S.MV____045                                                 6
 VOLC MAIN t                                                                   3
 STAT SP IPHASW D HRMM SECON CODA AMPLIT PERI AZIMU VELO AIN AR TRES W  DIS CAZ7
 MBLY HZ EP       23 334.986                             175   -0.2710 0.26 235 
 MBLY H2 ES       23 336.249                             175   -0.0910 0.26 235 
 MBLY H2  IAML    23 337.453       893.8 0.20                          0.26 235 
 MSS1 SZ IP       23 335.712                             159    0.3510 1.21  94 
 MSS1 SZ ES       23 336.643                             159    0.1210 1.21  94 
 MBGH HZ EP       23 335.266                              36   -0.1310 2.09 270 
 MBGH H2 IS       23 336.602                              36    0.0210 2.09 270 
 MBGH H2  IAML    23 338.779       550.4 0.20                          2.09 270 
 MBWH BZ IP       23 335.605                              36    0.1710 2.17 355 
 MBWH BE ES       23 336.476                              36   -0.1710 2.17 355 
 MBLG HZ EP       23 335.670                              36    0.1710 2.87  85 
 MBLG H2 IS       23 336.363                              36   -0.4110 2.87  85 
 MBLG H2  IAML    23 340.348       261.0 0.17                          2.87  85 
 MBBY HZ EP       23 335.731                              36    0.2310 3.12 208 
 MBBY H1 ES       23 336.648                              36   -0.1210 3.12 208 
 MBFR HZ IP       23 335.805                              36    0.1110 3.49 160 
 MBFR H1 IS       23 336.674                              36   -0.4410 3.49 160 
 MBFR H1  IAML    23 337.929       451.3 0.19                          3.49 160 
 MBFL HZ EP       23 335.902                              36    0.2610 3.80 319 
 MBFL H2 ES       23 336.935                              36   -0.0810 3.80 319 
 MBRY BZ EP       23 336.035                              36    0.2610 4.35 119 
 MBRY BE ES       23 337.339                              36    0.0910 4.35 119 
 MBRV BZ EP       23 336.902                              36    0.2610 9.84 356 
 MBRV BE ES       23 338.444                              36   -0.3210 9.84 356 
                                                                                
 2024  822 2358 45.0 LV 16.713 -62.178  2.4  MVO  9 0.2 1.5LMVO                1
 GAP= 70   MVO  0.49       0.4     0.4  0.9  0.2536E-01  0.7920E-01  0.2248E-01E
 2024  822 2358 44.995  16.71321  -62.17752    2.379  0.167 MVO                H
 ACTION:UP  24-08-23 12:57 OP:nn   STATUS:               ID:20240822235818     I
 OLDACT:REG 24-08-23 12:41 OP:nn   STATUS:               ID:20240822235818     3
 2024-08-22-2358-18S.MV____045                                                 6
 VOLC MAIN t                                                                   3
 STAT SP IPHASW D HRMM SECON CODA AMPLIT PERI AZIMU VELO AIN AR TRES W  DIS CAZ7
 MSS1 SZ IP       235845.957                             149    0.2110 0.95 359 
 MSS1 SZ IS       235846.346                             149    0.0410 0.95 359 
 MBLY HZ EP       235846.050                             131    0.1510 1.70 302 
 MBLY H1 IS       235846.645                             131    0.0710 1.70 302 
 MBLY H1  IAML    235849.400       575.4 0.20                          1.70 302 
 MBLG HZ IP       235846.154                             124    0.1510 2.09  51 
 MBLG H2 IS       235846.796                             124    0.0310 2.09  51 
 MBLG H2  IAML    235849.035       370.3 0.12                          2.09  51 
 MBFR HZ IP       235846.221                             127    0.1110 2.24 181 
 MBFR H1 ES       235846.778                             127   -0.1810 2.24 181 
 MBRY BZ EP       235846.300                             118    0.0410 2.79 112 
 MBRY BN IS       235847.009                             118   -0.2010 2.79 112 
 MBRY BN  IAML    235849.261       286.0 0.26                          2.79 112 
 MBBY HZ EP       235846.484                             112    0.1210 3.17 237 
 MBBY H1 IS       235847.217                             112   -0.1810 3.17 237 
 MBBY H1  IAML    235849.753       198.7 0.15                          3.17 237 
 MBGH HZ EP       235846.645                             113    0.1410 3.48 287 
 MBGH H1 ES       235847.822                             113    0.1810 3.48 287 
 MBWH BZ EP       235846.614                             114    0.0810 3.51 336 
 MBWH BE ES       235847.289                             114   -0.3910 3.51 336 
 MBFL HZ EP       235847.034                             104   -0.1910 5.40 316 
 MBFL H2 ES       235848.730                             104   -0.1710 5.40 316 
                                                                                
 2024  823 0252 45.0 LV 16.712 -62.177  4.0  MVO 10 0.3 2.6LMVO                1
 GAP= 73   MVO  0.70       0.8     0.8  0.7  0.3664E-01  0.8348E-01 -0.1556E+00E
 2024  823 0252 44.966  16.71202  -62.17710    4.017  0.252 MVO                H
 ACTION:UP  24-08-23 12:58 OP:nn   STATUS:               ID:20240823025217     I
 OLDACT:UP  24-08-23 12:57 OP:nn   STATUS:               ID:20240823025217     3
 OLDACT:REG 24-08-23 12:49 OP:nn   STATUS:               ID:20240823025217     3
 2024-08-23-0252-17S.MV____045                                                 6
 VOLC MAIN t                                                                   3
 STAT SP IPHASW D HRMM SECON CODA AMPLIT PERI AZIMU VELO AIN AR TRES W  DIS CAZ7
 MSS1 SZ IP        25246.489                             155    0.1910 1.09 356 
 MSS1 SZ IS        25247.329                             155    0.0310 1.09 356 
 MBLY HZ EP        25246.597                             138    0.2310 1.81 305 
 MBLY H2 IS        25247.134                             138   -0.2810 1.81 305 
 MBLY H2  IAML     25248.366      5343.0 0.11                          1.81 305 
 MBFR HZ IP        25246.667                             134    0.1710 2.11 183 
 MBFR H1 IS        25247.144                             134   -0.4910 2.11 183 
 MBLG HZ IP        25246.650                             131    0.2410 2.14  48 
 MBLG H2 IS        25247.231                             131   -0.2710 2.14  48 
 MBLG H2  IAML     25248.232      4855.7 0.17                          2.14  48 
 MBRY BZ IP        25246.752                             121    0.1910 2.71 109 
 MBRY BN ES        25247.712                             121   -0.0610 2.71 109 
 MBBY HZ IP        25246.874                             111    0.2510 3.14 240 
 MBBY H1 IS        25247.552                             111   -0.3110 3.14 240 
 MBBY H1  IAML     25249.161      1853.7 0.14                          3.14 240 
 MBGH HZ EP        25247.079                             108    0.2910 3.56 289 
 MBGH H1 ES        25248.373                             108    0.2210 3.56 289 
 MBWH BZ EP        25246.984                             108    0.1610 3.65 336 
 MBWH BE IS        25247.877                             108   -0.3510 3.65 336 
 MBFL HZ EP        25247.417                              36    0.1610 5.53 317 
 MBFL H2 ES        25248.772                              36   -0.2110 5.53 317 
 MBRV BZ EP        25248.390                              36    0.1910 11.2 350 
 MBRV BE ES        25250.270                              36   -0.3510 11.2 350 
                                                                                
 2024  823 0328  4.6 LV 16.714 -62.180  2.8  MVO  9 0.2 1.6LMVO                1
 GAP= 64   MVO  0.67       0.5     0.5  1.2  0.5627E-01  0.1126E+00  0.2525E-01E
 2024  823 0328  4.637  16.71394  -62.17992    2.754  0.238 MVO                H
 ACTION:UP  24-08-23 12:58 OP:nn   STATUS:               ID:20240823032737     I
 OLDACT:REG 24-08-23 12:55 OP:nn   STATUS:               ID:20240823032737     3
 2024-08-23-0327-37S.MV____045                                                 6
 VOLC MAIN t                                                                   3
 STAT SP IPHASW D HRMM SECON CODA AMPLIT PERI AZIMU VELO AIN AR TRES W  DIS CAZ7
 MSS1 SZ IP        328 5.841                             156    0.3310 0.90  15 
 MSS1 SZ IS        328 6.371                             156    0.2010 0.90  15 
 MBLY HZ IP        328 5.925                             142    0.3510 1.44 305 
 MBLY H1 ES        328 6.393                             142    0.1110 1.44 305 
 MBLY H1  IAML     328 9.402       359.5 0.17                          1.44 305 
 MBLG HZ IP        328 6.009                             129    0.2210 2.25  57 
 MBLG H2 ES        328 6.547                             129   -0.1110 2.25  57 
 MBFR HZ IP        328 6.005                             131    0.1310 2.33 175 
 MBFR H2 IS        328 6.578                             131   -0.2310 2.33 175 
 MBFR H2  IAML     328 8.448       563.9 0.21                          2.33 175 
 MBBY HZ EP        328 6.154                             119    0.1410 3.01 233 
 MBBY H2 ES        328 6.836                             119   -0.2110 3.01 233 
 MBRY BZ EP        328 6.081                             121    0.0110 3.06 111 
 MBRY BE IS        328 6.784                             121   -0.3610 3.06 111 
 MBRY BE  IAML     328 9.211       293.8 0.32                          3.06 111 
 MBGH HZ EP        328 6.367                             120    0.2510 3.21 287 
 MBGH H2 ES        328 7.220                             120   -0.0110 3.21 287 
 MBWH BZ EP        328 6.287                             120    0.1110 3.34 339 
 MBWH BE ES        328 6.946                             120   -0.3910 3.34 339 
 MBFL HZ EP        328 6.709                             109   -0.1110 5.17 318 
 MBFL H2 ES        328 8.040                             109   -0.4210 5.17 318 
                                                                                
